<?xml version="1.0" encoding="UTF-8"?>
<!-- Generated by org.testng.reporters.JUnitReportReporter -->
<testsuite hostname="MKOKANE10A" failures="0" tests="2" name="com.prjct.qa.testcases.LoginpageTest" time="16.797" errors="0" timestamp="2024-08-15T20:02:52 IST" skipped="0">
  <testcase classname="com.prjct.qa.testcases.LoginpageTest" name="loginTest" time="10.833"/>
  <testcase classname="com.prjct.qa.testcases.LoginpageTest" name="loginpagetitletest" time="5.964"/>
</testsuite> <!-- com.prjct.qa.testcases.LoginpageTest -->
