<?xml version="1.0" encoding="UTF-8"?>
<!-- Generated by org.testng.reporters.JUnitReportReporter -->
<testsuite hostname="MKOKANE10A" failures="0" tests="8" name="com.prjct.qa.testcases.HomepageTest" time="135.652" errors="0" timestamp="2024-08-15T20:02:52 IST" skipped="0">
  <testcase classname="com.prjct.qa.testcases.HomepageTest" name="verifySelfserviceReportingPageLable" time="16.364"/>
  <testcase classname="com.prjct.qa.testcases.HomepageTest" name="verifyInventoryMaintainancePageLable" time="15.642"/>
  <testcase classname="com.prjct.qa.testcases.HomepageTest" name="verifyUtilitiesPageLable" time="15.823"/>
  <testcase classname="com.prjct.qa.testcases.HomepageTest" name="verifytitlepageTest" time="8.522"/>
  <testcase classname="com.prjct.qa.testcases.HomepageTest" name="clickVerifyFavoritesPageLable" time="20.476"/>
  <testcase classname="com.prjct.qa.testcases.HomepageTest" name="verifyInboundPageLable" time="27.259"/>
  <testcase classname="com.prjct.qa.testcases.HomepageTest" name="verifyUsersandGroupsPageLable" time="14.656"/>
  <testcase classname="com.prjct.qa.testcases.HomepageTest" name="verifyOutboundPageLable" time="16.910"/>
</testsuite> <!-- com.prjct.qa.testcases.HomepageTest -->
