<?xml version="1.0" encoding="UTF-8"?>
<!-- Generated by org.testng.reporters.JUnitReportReporter -->
<testsuite hostname="MKOKANE10A" failures="0" tests="2" name="com.prjct.qa.testcases.LoginpageTest" time="13.179" errors="0" timestamp="2024-08-15T20:05:46 IST" skipped="0">
  <testcase classname="com.prjct.qa.testcases.LoginpageTest" name="loginTest" time="8.197"/>
  <testcase classname="com.prjct.qa.testcases.LoginpageTest" name="loginpagetitletest" time="4.982"/>
</testsuite> <!-- com.prjct.qa.testcases.LoginpageTest -->
